<?xml version="1.0" encoding="UTF-8"?>
<!-- Generated by org.testng.reporters.JUnitXMLReporter -->
<testsuite ignored="1" hostname="DESKTOP-E5GIE34" failures="3" tests="7" name="Test" time="91.401" errors="0" timestamp="2022-06-05T16:16:25 IST">
  <testcase classname="TestCases.LoginTest" name="VerifyLoginSuccess" time="3.097">
    <skipped/>
  </testcase> <!-- VerifyLoginSuccess -->
  <testcase classname="TestCases.LoginTest" name="VerifyLoginSuccess" time="5.145">
    <failure type="java.lang.AssertionError" message=" Titles Mismatched  expected [Welcome: Mercury Tours] but found [Login: Mercury Tours]">
      <![CDATA[java.lang.AssertionError:  Titles Mismatched  expected [Welcome: Mercury Tours] but found [Login: Mercury Tours]
at base.BaseTest.verifyTitle(BaseTest.java:104)
at TestCases.LoginTest.VerifyLoginSuccess(LoginTest.java:23)
at java.base/java.util.ArrayList.forEach(ArrayList.java:1511)
... Removed 32 stack frames]]>
    </failure>
  </testcase> <!-- VerifyLoginSuccess -->
  <testcase classname="TestCases.LoginTest" name="VerifyLoginSuccess" time="2.381">
    <skipped/>
  </testcase> <!-- VerifyLoginSuccess -->
  <testcase classname="TestCases.LoginTest" name="VerifyLoginSuccess" time="3.871">
    <failure type="java.lang.AssertionError" message=" Titles Mismatched  expected [Welcome: Mercury Tours] but found [Login: Mercury Tours]">
      <![CDATA[java.lang.AssertionError:  Titles Mismatched  expected [Welcome: Mercury Tours] but found [Login: Mercury Tours]
at base.BaseTest.verifyTitle(BaseTest.java:104)
at TestCases.LoginTest.VerifyLoginSuccess(LoginTest.java:23)
at java.base/java.util.ArrayList.forEach(ArrayList.java:1511)
... Removed 32 stack frames]]>
    </failure>
  </testcase> <!-- VerifyLoginSuccess -->
  <testcase classname="TestCases.LoginTest" name="VerifyLoginSuccess" time="2.543">
    <skipped/>
  </testcase> <!-- VerifyLoginSuccess -->
  <testcase classname="TestCases.LoginTest" name="VerifyLoginSuccess" time="4.456">
    <failure type="java.lang.AssertionError" message=" Titles Mismatched  expected [Welcome: Mercury Tours] but found [Login: Mercury Tours]">
      <![CDATA[java.lang.AssertionError:  Titles Mismatched  expected [Welcome: Mercury Tours] but found [Login: Mercury Tours]
at base.BaseTest.verifyTitle(BaseTest.java:104)
at TestCases.LoginTest.VerifyLoginSuccess(LoginTest.java:23)
at java.base/java.util.ArrayList.forEach(ArrayList.java:1511)
... Removed 32 stack frames]]>
    </failure>
  </testcase> <!-- VerifyLoginSuccess -->
  <testcase classname="TestCases.LoginTest" name="VerifyLoginSuccess" time="2.963"/>
  <testcase classname="TestCases.LoginTest" name="VerifyRegistrationProcess" time="0.0">
    <ignored/>
  </testcase> <!-- VerifyRegistrationProcess -->
</testsuite> <!-- Test -->
